20221113T211308.027715904 1668373988.027715904 START
20221113T211308.030271411 1668373988.030271411 ON  CACAO_FPSPROC_DMCH2DISP
20221113T211308.034843269 1668373988.034843269 Adding process DMch2disp
20221113T211308.039140134 1668373988.039140134 FPS CMD TO fps.conf/fpssetup.confstart.DMch2disp-01.conf : setval DMch2disp-01.procinfo.loopcntMax -1
20221113T211308.041513075 1668373988.041513075 FPS CMD TO fps.conf/fpssetup.confstart.DMch2disp-01.conf : setval DMch2disp-01.procinfo.triggermode 4
20221113T211308.043851715 1668373988.043851715 FPS CMD TO fps.conf/fpssetup.confstart.DMch2disp-01.conf : setval DMch2disp-01.procinfo.triggerdelay 0.00001
20221113T211308.046466949 1668373988.046466949 FPS CMD TO fps.conf/fpssetup.confstart.DMch2disp-01.conf : setval DMch2disp-01.procinfo.triggertimeout 0.00001
20221113T211308.048825235 1668373988.048825235 FPS CMD TO fps.conf/fpssetup.confstart.DMch2disp-01.conf : setval DMch2disp-01.DMindex 01
20221113T211308.051138287 1668373988.051138287 FPS CMD TO fps.conf/fpssetup.confstart.DMch2disp-01.conf : setval DMch2disp-01.DMxsize 12
20221113T211308.053446076 1668373988.053446076 FPS CMD TO fps.conf/fpssetup.confstart.DMch2disp-01.conf : setval DMch2disp-01.DMysize 12
20221113T211308.055767426 1668373988.055767426 FPS CMD TO fps.conf/fpssetup.confstart.DMch2disp-01.conf : setval DMch2disp-01.DMcombout dm01disp
20221113T211308.058082765 1668373988.058082765 FPS CMD TO fps.conf/fpssetup.confstart.DMch2disp-01.conf : setval DMch2disp-01.astrogrid aol1_DMastrogrid
20221113T211308.060438548 1668373988.060438548 FPS CMD TO fps.conf/fpssetup.confstart.DMch2disp-01.conf : setval DMch2disp-01.zpoffset.DMcomboutzpo aol1_dmzpo
20221113T211308.063079538 1668373988.063079538 ON  CACAO_FPSPROC_STREAMDELAY
20221113T211308.067539363 1668373988.067539363 Adding process streamDelay
20221113T211308.071997740 1668373988.071997740 FPS CMD TO fps.conf/fpssetup.confstart.streamDelay-01.conf : setval streamDelay-01.procinfo.loopcntMax -1
20221113T211308.074416799 1668373988.074416799 FPS CMD TO fps.conf/fpssetup.confstart.streamDelay-01.conf : setval streamDelay-01.procinfo.triggermode 4
20221113T211308.076779964 1668373988.076779964 FPS CMD TO fps.conf/fpssetup.confstart.streamDelay-01.conf : setval streamDelay-01.procinfo.triggerdelay 0.0001
20221113T211308.079114029 1668373988.079114029 FPS CMD TO fps.conf/fpssetup.confstart.streamDelay-01.conf : setval streamDelay-01.in_name aol1_dmdisp
20221113T211308.081462616 1668373988.081462616 FPS CMD TO fps.conf/fpssetup.confstart.streamDelay-01.conf : setval streamDelay-01.out_name aol1_dmdispD
20221113T211308.083880425 1668373988.083880425 FPS CMD TO fps.conf/fpssetup.confstart.streamDelay-01.conf : setval streamDelay-01.delaysec 0.01
20221113T211308.086686837 1668373988.086686837 ON  CACAO_FPSPROC_SIMMVMGPU
20221113T211308.091119899 1668373988.091119899 Adding process simmvmgpu
20221113T211308.093492895 1668373988.093492895 RUNNING CMD : mkdir -p dmloop-workdir/simLHS
20221113T211308.097942172 1668373988.097942172 RUNNING CMD : cp simLHS/dmloop.respM.fits ./dmloop-workdir/simLHS/simLHS.respM.fits
20221113T211308.103055696 1668373988.103055696 RUNNING CMD : cp simLHS/dmloop.wfsref.fits ./dmloop-workdir/simLHS/simLHS.wfsref.fits
20221113T211308.107861829 1668373988.107861829 RUNNING CMD : cp ./dmloop-workdir/simLHS/simLHS.respM.fits ./dmloop-workdir/conf/shmim.aolsimLHSrespM.fits
20221113T211308.113209671 1668373988.113209671 RUNNING CMD : cp ./dmloop-workdir/simLHS/simLHS.wfsref.fits ./dmloop-workdir/conf/shmim.aolsimLHSwfsref.fits
20221113T211308.120134677 1668373988.120134677 FPS CMD TO fps.conf/fpssetup.confstart.simmvmgpu-1.conf : setval simmvmgpu-1.insname aol1_dmdispD
20221113T211308.122652788 1668373988.122652788 FPS CMD TO fps.conf/fpssetup.confstart.simmvmgpu-1.conf : setval simmvmgpu-1.immodes aolsimLHSrespM
20221113T211308.125064377 1668373988.125064377 FPS CMD TO fps.conf/fpssetup.confstart.simmvmgpu-1.conf : setval simmvmgpu-1.outcoeff aol1_linsimWFS
20221113T211308.127234207 1668373988.127234207 FPS CMD TO fps.conf/fpssetup.confstart.simmvmgpu-1.conf : setval simmvmgpu-1.outinit ON
20221113T211308.129449223 1668373988.129449223 FPS CMD TO fps.conf/fpssetup.confstart.simmvmgpu-1.conf : setval simmvmgpu-1.procinfo.loopcntMax -1
20221113T211308.131550376 1668373988.131550376 FPS CMD TO fps.conf/fpssetup.confstart.simmvmgpu-1.conf : setval simmvmgpu-1.procinfo.triggermode 4
20221113T211308.133650338 1668373988.133650338 FPS CMD TO fps.conf/fpssetup.confstart.simmvmgpu-1.conf : setval simmvmgpu-1.procinfo.triggerdelay 0.001
20221113T211308.135942759 1668373988.135942759 FPS CMD TO fps.conf/fpssetup.confstart.simmvmgpu-1.conf : setval simmvmgpu-1.procinfo.triggertimeout 0.0
20221113T211308.138216620 1668373988.138216620 FPS CMD TO fps.conf/fpssetup.confstart.simmvmgpu-1.conf : setval simmvmgpu-1.option.axmode 1
20221113T211308.140406452 1668373988.140406452 FPS CMD TO fps.conf/fpssetup.confstart.simmvmgpu-1.conf : setval simmvmgpu-1.option.PROCESS OFF
20221113T211308.142512634 1668373988.142512634 FPS CMD TO fps.conf/fpssetup.confstart.simmvmgpu-1.conf : setval simmvmgpu-1.option.TRACEMODE OFF
20221113T211308.144653510 1668373988.144653510 FPS CMD TO fps.conf/fpssetup.confstart.simmvmgpu-1.conf : setval simmvmgpu-1.option.MODENORM OFF
20221113T211308.146891204 1668373988.146891204 FPS CMD TO fps.conf/fpssetup.confstart.simmvmgpu-1.conf : setval simmvmgpu-1.option.sname_intot NULL
20221113T211308.149260220 1668373988.149260220 FPS CMD TO fps.conf/fpssetup.confstart.simmvmgpu-1.conf : setval simmvmgpu-1.option.sname_refin NULL
20221113T211308.151653085 1668373988.151653085 FPS CMD TO fps.conf/fpssetup.confstart.simmvmgpu-1.conf : setval simmvmgpu-1.option.sname_refout aolsimLHSwfsref
20221113T211308.154304707 1668373988.154304707 ON  CACAO_FPSPROC_MLAT
20221113T211308.158741806 1668373988.158741806 Adding process mlat
20221113T211308.163071166 1668373988.163071166 FPS CMD TO fps.conf/fpssetup.confstart.mlat-1.conf : setval mlat-1.NBiter 20
20221113T211308.165476118 1668373988.165476118 FPS CMD TO fps.conf/fpssetup.confstart.mlat-1.conf : setval mlat-1.dmstream aol1_dmRM
20221113T211308.167943549 1668373988.167943549 FPS CMD TO fps.conf/fpssetup.confstart.mlat-1.conf : setval mlat-1.wfsstream aol1_wfsim
20221113T211308.170614425 1668373988.170614425 ON  CACAO_FPSPROC_ACQUWFS
20221113T211308.175041319 1668373988.175041319 Adding process acquWFS
20221113T211308.179427203 1668373988.179427203 FPS CMD TO fps.conf/fpssetup.confstart.acquWFS-1.conf : setval acquWFS-1.AOloopindex 1
20221113T211308.181814516 1668373988.181814516 FPS CMD TO fps.conf/fpssetup.confstart.acquWFS-1.conf : setval acquWFS-1.procinfo.loopcntMax -1
20221113T211308.184170776 1668373988.184170776 FPS CMD TO fps.conf/fpssetup.confstart.acquWFS-1.conf : setval acquWFS-1.procinfo.triggermode 3
20221113T211308.186620652 1668373988.186620652 FPS CMD TO fps.conf/fpssetup.confstart.acquWFS-1.conf : setval acquWFS-1.procinfo.triggersname aol1_wfsim 
20221113T211308.188950154 1668373988.188950154 FPS CMD TO fps.conf/fpssetup.confstart.acquWFS-1.conf : setval acquWFS-1.comp.WFSnormalize ON
20221113T211308.191336796 1668373988.191336796 FPS CMD TO fps.conf/fpssetup.confstart.acquWFS-1.conf : setval acquWFS-1.comp.darksub ON
20221113T211308.193709247 1668373988.193709247 FPS CMD TO fps.conf/fpssetup.confstart.acquWFS-1.conf : setval acquWFS-1.comp.imtotal ON
20221113T211308.196068817 1668373988.196068817 FPS CMD TO fps.conf/fpssetup.confstart.acquWFS-1.conf : setval acquWFS-1.comp.normwfsim ON
20221113T211308.198438615 1668373988.198438615 FPS CMD TO fps.conf/fpssetup.confstart.acquWFS-1.conf : setval acquWFS-1.wfszpo aol1_wfszpo
20221113T211308.201254461 1668373988.201254461 ON  CACAO_FPSPROC_ACQLINZRM
20221113T211308.228130455 1668373988.228130455 Adding process acqlin_zRM
20221113T211308.232447841 1668373988.232447841 FPS CMD TO fps.conf/fpssetup.confstart.acqlin_zRM-1.conf : setval acqlin_zRM-1.AOloopindex 1
20221113T211308.234851840 1668373988.234851840 FPS CMD TO fps.conf/fpssetup.confstart.acqlin_zRM-1.conf : setval acqlin_zRM-1.FPS_mlat mlat-1
20221113T211308.237270820 1668373988.237270820 FPS CMD TO fps.conf/fpssetup.confstart.acqlin_zRM-1.conf : setval acqlin_zRM-1.FPS_DMcomb DMch2disp-01
20221113T211308.239655001 1668373988.239655001 FPS CMD TO fps.conf/fpssetup.confstart.acqlin_zRM-1.conf : setval acqlin_zRM-1.normalize ON
20221113T211308.242015010 1668373988.242015010 FPS CMD TO fps.conf/fpssetup.confstart.acqlin_zRM-1.conf : setval acqlin_zRM-1.Hpoke ON
20221113T211308.244374208 1668373988.244374208 FPS CMD TO fps.conf/fpssetup.confstart.acqlin_zRM-1.conf : setval acqlin_zRM-1.autoTiming ON
20221113T211308.246737115 1668373988.246737115 FPS CMD TO fps.conf/fpssetup.confstart.acqlin_zRM-1.conf : setval acqlin_zRM-1.compDMmask ON
20221113T211308.249086300 1668373988.249086300 FPS CMD TO fps.conf/fpssetup.confstart.acqlin_zRM-1.conf : setval acqlin_zRM-1.compMpoke ON
20221113T211308.251540191 1668373988.251540191 FPS CMD TO fps.conf/fpssetup.confstart.acqlin_zRM-1.conf : setval acqlin_zRM-1.timing.NBave 1
20221113T211308.253900894 1668373988.253900894 FPS CMD TO fps.conf/fpssetup.confstart.acqlin_zRM-1.conf : setval acqlin_zRM-1.timing.NBcycle 2
20221113T211308.256291195 1668373988.256291195 FPS CMD TO fps.conf/fpssetup.confstart.acqlin_zRM-1.conf : setval acqlin_zRM-1.timing.NBinnerCycle 1
20221113T211308.258669801 1668373988.258669801 FPS CMD TO fps.conf/fpssetup.confstart.acqlin_zRM-1.conf : setval acqlin_zRM-1.timing.NBexcl 0
20221113T211308.261100688 1668373988.261100688 FPS CMD TO fps.conf/fpssetup.confstart.acqlin_zRM-1.conf : setval acqlin_zRM-1.MaskMode ON
20221113T211308.263485859 1668373988.263485859 FPS CMD TO fps.conf/fpssetup.confstart.acqlin_zRM-1.conf : setval acqlin_zRM-1.exec.RMdecode cacaobin/cacao-RMdecode
20221113T211308.265933125 1668373988.265933125 FPS CMD TO fps.conf/fpssetup.confstart.acqlin_zRM-1.conf : setval acqlin_zRM-1.exec.mkDMWFSmasks cacaobin/cacao-mkDMWFSmasks
20221113T211308.268365124 1668373988.268365124 FPS CMD TO fps.conf/fpssetup.confstart.acqlin_zRM-1.conf : setval acqlin_zRM-1.exec.mkDMslaveact cacaobin/cacao-mkDMslaveActprox
20221113T211308.270760747 1668373988.270760747 FPS CMD TO fps.conf/fpssetup.confstart.acqlin_zRM-1.conf : setval acqlin_zRM-1.exec.mkLODMmodes cacaobin/cacao-mkLODMmodes
20221113T211308.273757631 1668373988.273757631 OFF CACAO_FPSPROC_ACQWFSLINCALZ
20221113T211308.276502752 1668373988.276502752 ON  CACAO_FPSPROC_ACQLINLORM
20221113T211308.280909754 1668373988.280909754 Adding process acqlin_loRM
20221113T211308.285366289 1668373988.285366289 FPS CMD TO fps.conf/fpssetup.confstart.acqlin_loRM-1.conf : setval acqlin_loRM-1.AOloopindex 1
20221113T211308.287788533 1668373988.287788533 FPS CMD TO fps.conf/fpssetup.confstart.acqlin_loRM-1.conf : setval acqlin_loRM-1.FPS_mlat mlat-1
20221113T211308.290141932 1668373988.290141932 FPS CMD TO fps.conf/fpssetup.confstart.acqlin_loRM-1.conf : setval acqlin_loRM-1.FPS_DMcomb DMch2disp-01
20221113T211308.292521287 1668373988.292521287 FPS CMD TO fps.conf/fpssetup.confstart.acqlin_loRM-1.conf : setval acqlin_loRM-1.normalize ON
20221113T211308.294867480 1668373988.294867480 FPS CMD TO fps.conf/fpssetup.confstart.acqlin_loRM-1.conf : setval acqlin_loRM-1.Hpoke OFF
20221113T211308.297212730 1668373988.297212730 FPS CMD TO fps.conf/fpssetup.confstart.acqlin_loRM-1.conf : setval acqlin_loRM-1.autoTiming ON
20221113T211308.299552705 1668373988.299552705 FPS CMD TO fps.conf/fpssetup.confstart.acqlin_loRM-1.conf : setval acqlin_loRM-1.compDMmask OFF
20221113T211308.301888891 1668373988.301888891 FPS CMD TO fps.conf/fpssetup.confstart.acqlin_loRM-1.conf : setval acqlin_loRM-1.compMpoke OFF
20221113T211308.304249140 1668373988.304249140 FPS CMD TO fps.conf/fpssetup.confstart.acqlin_loRM-1.conf : setval acqlin_loRM-1.timing.NBave 1
20221113T211308.306736183 1668373988.306736183 FPS CMD TO fps.conf/fpssetup.confstart.acqlin_loRM-1.conf : setval acqlin_loRM-1.timing.NBcycle 4
20221113T211308.309099538 1668373988.309099538 FPS CMD TO fps.conf/fpssetup.confstart.acqlin_loRM-1.conf : setval acqlin_loRM-1.timing.NBinnerCycle 1
20221113T211308.311468641 1668373988.311468641 FPS CMD TO fps.conf/fpssetup.confstart.acqlin_loRM-1.conf : setval acqlin_loRM-1.timing.NBexcl 0
20221113T211308.313903389 1668373988.313903389 FPS CMD TO fps.conf/fpssetup.confstart.acqlin_loRM-1.conf : setval acqlin_loRM-1.fn_pokeC respM_LOmodes.fits
20221113T211308.316253931 1668373988.316253931 FPS CMD TO fps.conf/fpssetup.confstart.acqlin_loRM-1.conf : setval acqlin_loRM-1.MaskMode OFF
20221113T211308.318628026 1668373988.318628026 FPS CMD TO fps.conf/fpssetup.confstart.acqlin_loRM-1.conf : setval acqlin_loRM-1.exec.RMdecode cacaobin/cacao-NULL
20221113T211308.320993052 1668373988.320993052 FPS CMD TO fps.conf/fpssetup.confstart.acqlin_loRM-1.conf : setval acqlin_loRM-1.exec.mkDMWFSmasks cacaobin/cacao-NULL
20221113T211308.323393500 1668373988.323393500 FPS CMD TO fps.conf/fpssetup.confstart.acqlin_loRM-1.conf : setval acqlin_loRM-1.exec.mkDMslaveact cacaobin/cacao-NULL
20221113T211308.325818364 1668373988.325818364 FPS CMD TO fps.conf/fpssetup.confstart.acqlin_loRM-1.conf : setval acqlin_loRM-1.exec.mkLODMmodes cacaobin/cacao-NULL
20221113T211308.328489623 1668373988.328489623 ON  CACAO_FPSPROC_COMPFCM
20221113T211308.332949066 1668373988.332949066 Adding process compfCM
20221113T211308.337467838 1668373988.337467838 FPS CMD TO fps.conf/fpssetup.confstart.compfCM-1.conf : setval compfCM-1.AOloopindex 1
20221113T211308.339885529 1668373988.339885529 FPS CMD TO fps.conf/fpssetup.confstart.compfCM-1.conf : setval compfCM-1.FPS_zRMacqu acqlin_zRM-1
20221113T211308.342249094 1668373988.342249094 FPS CMD TO fps.conf/fpssetup.confstart.compfCM-1.conf : setval compfCM-1.FPS_loRMacqu acqlin_loRM-1
20221113T211308.344718024 1668373988.344718024 FPS CMD TO fps.conf/fpssetup.confstart.compfCM-1.conf : setval compfCM-1.FPS_DMcomb DMch2disp-01
20221113T211308.347382284 1668373988.347382284 OFF CACAO_FPSPROC_COMPFCM
20221113T211308.349923460 1668373988.349923460 ON  CACAO_FPSPROC_COMPSCM
20221113T211308.354362911 1668373988.354362911 Adding process compsCM
20221113T211308.358775162 1668373988.358775162 FPS CMD TO fps.conf/fpssetup.confstart.compsCM-1.conf : setval compsCM-1.AOloopindex 1
20221113T211308.361208744 1668373988.361208744 FPS CMD TO fps.conf/fpssetup.confstart.compsCM-1.conf : setval compsCM-1.fname_respM fps.acqlin_zRM-1.datadir/zrespM_mn.fits
20221113T211308.363998098 1668373988.363998098 ON  CACAO_FPSPROC_MODESEXTRACTWFSGPU
20221113T211308.368407323 1668373988.368407323 Adding process modesextractWFSGPU
20221113T211308.372778042 1668373988.372778042 FPS CMD TO fps.conf/fpssetup.confstart.modesextractWFSGPU-1.conf : setval modesextractWFSGPU-1.AOloopindex 1
20221113T211308.375176039 1668373988.375176039 FPS CMD TO fps.conf/fpssetup.confstart.modesextractWFSGPU-1.conf : setval modesextractWFSGPU-1.sname_in aol1_imWFS0
20221113T211308.377686295 1668373988.377686295 FPS CMD TO fps.conf/fpssetup.confstart.modesextractWFSGPU-1.conf : setval modesextractWFSGPU-1.option.sname_intot aol1_imWFS0tot
20221113T211308.380047231 1668373988.380047231 FPS CMD TO fps.conf/fpssetup.confstart.modesextractWFSGPU-1.conf : setval modesextractWFSGPU-1.sname_modes aol1_modesWFS
20221113T211308.382428662 1668373988.382428662 FPS CMD TO fps.conf/fpssetup.confstart.modesextractWFSGPU-1.conf : setval modesextractWFSGPU-1.option.sname_refin aol1_wfsref
20221113T211308.384782078 1668373988.384782078 FPS CMD TO fps.conf/fpssetup.confstart.modesextractWFSGPU-1.conf : setval modesextractWFSGPU-1.sname_outmodesval aol1_modeval
20221113T211308.387056489 1668373988.387056489 FPS CMD TO fps.conf/fpssetup.confstart.modesextractWFSGPU-1.conf : setval modesextractWFSGPU-1.outinit ON
20221113T211308.389504327 1668373988.389504327 FPS CMD TO fps.conf/fpssetup.confstart.modesextractWFSGPU-1.conf : setval modesextractWFSGPU-1.option.GPUindex 0
20221113T211308.391842123 1668373988.391842123 FPS CMD TO fps.conf/fpssetup.confstart.modesextractWFSGPU-1.conf : setval modesextractWFSGPU-1.option.PROCESS ON
20221113T211308.394238921 1668373988.394238921 FPS CMD TO fps.conf/fpssetup.confstart.modesextractWFSGPU-1.conf : setval modesextractWFSGPU-1.option.TRACEMODE ON
20221113T211308.396632509 1668373988.396632509 FPS CMD TO fps.conf/fpssetup.confstart.modesextractWFSGPU-1.conf : setval modesextractWFSGPU-1.option.MODENORM ON
20221113T211308.399004038 1668373988.399004038 FPS CMD TO fps.conf/fpssetup.confstart.modesextractWFSGPU-1.conf : setval modesextractWFSGPU-1.option.insem 2
20221113T211308.401337752 1668373988.401337752 FPS CMD TO fps.conf/fpssetup.confstart.modesextractWFSGPU-1.conf : setval modesextractWFSGPU-1.option.axmode 0
20221113T211308.403691600 1668373988.403691600 FPS CMD TO fps.conf/fpssetup.confstart.modesextractWFSGPU-1.conf : setval modesextractWFSGPU-1.option.twait 0
20221113T211308.406274285 1668373988.406274285 ON  CACAO_FPSPROC_AOLOOP_RUN
20221113T211308.410903997 1668373988.410903997 Adding process loopRUN
20221113T211308.415191715 1668373988.415191715 FPS CMD TO fps.conf/fpssetup.confstart.loopRUN-1.conf : setval loopRUN-1.AOloopindex 1
20221113T211308.417654347 1668373988.417654347 FPS CMD TO fps.conf/fpssetup.confstart.loopRUN-1.conf : setval loopRUN-1.sn_wfs aol1_imWFS1
20221113T211308.420011839 1668373988.420011839 FPS CMD TO fps.conf/fpssetup.confstart.loopRUN-1.conf : setval loopRUN-1.loopgain 0.02
20221113T211308.422398027 1668373988.422398027 FPS CMD TO fps.conf/fpssetup.confstart.loopRUN-1.conf : setval loopRUN-1.loopmult 0.99
20221113T211308.424809305 1668373988.424809305 FPS CMD TO fps.conf/fpssetup.confstart.loopRUN-1.conf : setval loopRUN-1.loopON OFF
20221113T211308.427191794 1668373988.427191794 FPS CMD TO fps.conf/fpssetup.confstart.loopRUN-1.conf : setval loopRUN-1.loopZERO OFF
20221113T211308.429632598 1668373988.429632598 FPS CMD TO fps.conf/fpssetup.confstart.loopRUN-1.conf : setval loopRUN-1.wfsrefON OFF
20221113T211308.431953388 1668373988.431953388 FPS CMD TO fps.conf/fpssetup.confstart.loopRUN-1.conf : setval loopRUN-1.sn_cmat aol1_CMat
20221113T211308.434319965 1668373988.434319965 FPS CMD TO fps.conf/fpssetup.confstart.loopRUN-1.conf : setval loopRUN-1.sn_DMout aol1_dmC
20221113T211308.437080927 1668373988.437080927 ON  CACAO_FPSPROC_MVM_WFS2CMODEVAL
20221113T211308.441535279 1668373988.441535279 Adding process wfs2cmodeval
20221113T211308.445854001 1668373988.445854001 FPS CMD TO fps.conf/fpssetup.confstart.wfs2cmodeval-1.conf : setval wfs2cmodeval-1.procinfo.loopcntMax -1
20221113T211308.448186722 1668373988.448186722 FPS CMD TO fps.conf/fpssetup.confstart.wfs2cmodeval-1.conf : setval wfs2cmodeval-1.procinfo.triggermode 3
20221113T211308.450525513 1668373988.450525513 FPS CMD TO fps.conf/fpssetup.confstart.wfs2cmodeval-1.conf : setval wfs2cmodeval-1.procinfo.triggersname aol1_imWFS1
20221113T211308.452713350 1668373988.452713350 FPS CMD TO fps.conf/fpssetup.confstart.wfs2cmodeval-1.conf : setval wfs2cmodeval-1.insname aol1_imWFS1
20221113T211308.455064910 1668373988.455064910 FPS CMD TO fps.conf/fpssetup.confstart.wfs2cmodeval-1.conf : setval wfs2cmodeval-1.immodes aol1_modesWFS
20221113T211308.457416708 1668373988.457416708 FPS CMD TO fps.conf/fpssetup.confstart.wfs2cmodeval-1.conf : setval wfs2cmodeval-1.outcoeff aol1_modevalWFS
20221113T211308.459764914 1668373988.459764914 FPS CMD TO fps.conf/fpssetup.confstart.wfs2cmodeval-1.conf : setval wfs2cmodeval-1.option.sname_intot aol1_imWFS0tot
20221113T211308.462153788 1668373988.462153788 FPS CMD TO fps.conf/fpssetup.confstart.wfs2cmodeval-1.conf : setval wfs2cmodeval-1.option.sname_refin aol1_wfsref
20221113T211308.464560496 1668373988.464560496 FPS CMD TO fps.conf/fpssetup.confstart.wfs2cmodeval-1.conf : setval wfs2cmodeval-1.outinit ON
20221113T211308.466927645 1668373988.466927645 FPS CMD TO fps.conf/fpssetup.confstart.wfs2cmodeval-1.conf : setval wfs2cmodeval-1.GPUindex 0
20221113T211308.469363734 1668373988.469363734 FPS CMD TO fps.conf/fpssetup.confstart.wfs2cmodeval-1.conf : setval wfs2cmodeval-1.option.PROCESS ON
20221113T211308.471701151 1668373988.471701151 FPS CMD TO fps.conf/fpssetup.confstart.wfs2cmodeval-1.conf : setval wfs2cmodeval-1.option.TRACEMODE OFF
20221113T211308.474073349 1668373988.474073349 FPS CMD TO fps.conf/fpssetup.confstart.wfs2cmodeval-1.conf : setval wfs2cmodeval-1.option.MODENORM ON
20221113T211308.476461236 1668373988.476461236 FPS CMD TO fps.conf/fpssetup.confstart.wfs2cmodeval-1.conf : setval wfs2cmodeval-1.option.twait 0
20221113T211308.479073606 1668373988.479073606 ON  CACAO_FPSPROC_MODALFILTERING
20221113T211308.483305331 1668373988.483305331 Adding process mfilt
20221113T211308.487467911 1668373988.487467911 FPS CMD TO fps.conf/fpssetup.confstart.mfilt-1.conf : setval mfilt-1.procinfo.loopcntMax -1
20221113T211308.489857231 1668373988.489857231 FPS CMD TO fps.conf/fpssetup.confstart.mfilt-1.conf : setval mfilt-1.procinfo.triggermode 3
20221113T211308.492214260 1668373988.492214260 FPS CMD TO fps.conf/fpssetup.confstart.mfilt-1.conf : setval mfilt-1.procinfo.triggersname aol1_modevalWFS
20221113T211308.494484880 1668373988.494484880 FPS CMD TO fps.conf/fpssetup.confstart.mfilt-1.conf : setval mfilt-1.inmval aol1_modevalWFS
20221113T211308.496837720 1668373988.496837720 FPS CMD TO fps.conf/fpssetup.confstart.mfilt-1.conf : setval mfilt-1.outmval aol1_modevalDM
20221113T211308.499651065 1668373988.499651065 OFF CACAO_FPSPROC_MVM_ZPO
20221113T211308.502193217 1668373988.502193217 OFF CACAO_FPSPROC_MODALCTRL_STATS
20221113T211308.504760635 1668373988.504760635 ON  CACAO_FPSPROC_MVM_CMODEVAL2DM
20221113T211308.508997062 1668373988.508997062 Adding process mvalC2dm
20221113T211308.513301614 1668373988.513301614 FPS CMD TO fps.conf/fpssetup.confstart.mvalC2dm-1.conf : setval mvalC2dm-1.procinfo.loopcntMax -1
20221113T211308.515740572 1668373988.515740572 FPS CMD TO fps.conf/fpssetup.confstart.mvalC2dm-1.conf : setval mvalC2dm-1.procinfo.triggermode 3
20221113T211308.518139912 1668373988.518139912 FPS CMD TO fps.conf/fpssetup.confstart.mvalC2dm-1.conf : setval mvalC2dm-1.procinfo.triggersname aol1_modevalDM
20221113T211308.520551186 1668373988.520551186 FPS CMD TO fps.conf/fpssetup.confstart.mvalC2dm-1.conf : setval mvalC2dm-1.insname aol1_modevalDM
20221113T211308.522989525 1668373988.522989525 FPS CMD TO fps.conf/fpssetup.confstart.mvalC2dm-1.conf : setval mvalC2dm-1.immodes aol1_DMmodes
20221113T211308.525349836 1668373988.525349836 FPS CMD TO fps.conf/fpssetup.confstart.mvalC2dm-1.conf : setval mvalC2dm-1.outcoeff aol1_dmC
20221113T211308.527644833 1668373988.527644833 FPS CMD TO fps.conf/fpssetup.confstart.mvalC2dm-1.conf : setval mvalC2dm-1.option.sname_intot NULL
20221113T211308.530075257 1668373988.530075257 FPS CMD TO fps.conf/fpssetup.confstart.mvalC2dm-1.conf : setval mvalC2dm-1.option.sname_refin NULL
20221113T211308.532449033 1668373988.532449033 FPS CMD TO fps.conf/fpssetup.confstart.mvalC2dm-1.conf : setval mvalC2dm-1.outinit OFF
20221113T211308.534838807 1668373988.534838807 FPS CMD TO fps.conf/fpssetup.confstart.mvalC2dm-1.conf : setval mvalC2dm-1.GPUindex 3
20221113T211308.537174405 1668373988.537174405 FPS CMD TO fps.conf/fpssetup.confstart.mvalC2dm-1.conf : setval mvalC2dm-1.option.axmode 1
20221113T211308.539565443 1668373988.539565443 FPS CMD TO fps.conf/fpssetup.confstart.mvalC2dm-1.conf : setval mvalC2dm-1.option.PROCESS OFF
20221113T211308.541916752 1668373988.541916752 FPS CMD TO fps.conf/fpssetup.confstart.mvalC2dm-1.conf : setval mvalC2dm-1.option.TRACEMODE OFF
20221113T211308.544249651 1668373988.544249651 FPS CMD TO fps.conf/fpssetup.confstart.mvalC2dm-1.conf : setval mvalC2dm-1.option.MODENORM OFF
20221113T211308.546629974 1668373988.546629974 FPS CMD TO fps.conf/fpssetup.confstart.mvalC2dm-1.conf : setval mvalC2dm-1.option.twait 0
20221113T211308.549403688 1668373988.549403688 OFF CACAO_FPSPROC_MVMGPU_OLMODEVAL2DM
20221113T211308.552037318 1668373988.552037318 OFF CACAO_FPSPROC_MVMGPU_WFSMODEVAL2DM
20221113T211308.554619039 1668373988.554619039 CACAO_FPSPROC_CMDMCOMB = OFF
20221113T211308.557280906 1668373988.557280906 OFF CACAO_FPSPROC_ACQLINCMRM
20221113T211308.559836154 1668373988.559836154 OFF CACAO_FPSPROC_DMATMTURB
20221113T211308.562235550 1668373988.562235550 OFF CACAO_FPSPROC_MKPF00
20221113T211308.564676915 1668373988.564676915 OFF CACAO_FPSPROC_MKPF01
20221113T211308.567075201 1668373988.567075201 OFF CACAO_FPSPROC_MKPF02
20221113T211308.569516602 1668373988.569516602 OFF CACAO_FPSPROC_MKPF03
20221113T211308.571951366 1668373988.571951366 OFF CACAO_FPSPROC_MKPF04
20221113T211308.574303079 1668373988.574303079 OFF CACAO_FPSPROC_MKPF05
20221113T211308.576664586 1668373988.576664586 OFF CACAO_FPSPROC_APPLYPF00
20221113T211308.578960741 1668373988.578960741 OFF CACAO_FPSPROC_APPLYPF01
20221113T211308.581348491 1668373988.581348491 OFF CACAO_FPSPROC_APPLYPF02
20221113T211308.583780448 1668373988.583780448 OFF CACAO_FPSPROC_APPLYPF03
20221113T211308.586168501 1668373988.586168501 OFF CACAO_FPSPROC_APPLYPF04
20221113T211308.588491769 1668373988.588491769 OFF CACAO_FPSPROC_APPLYPF05
20221113T211308.590853613 1668373988.590853613 END
/usr/local/milk/bin/cacao-setup: line 801: ./dmloop.fpslistadd: No such file or directory
20221113T211308.594395197 1668373988.594395197 mv fpslist.txt dmloop-workdir
20221113T211310.523947785 1668373990.523947785 SENDING CMD confstop TO ALL CONF PROCESSES
20221113T211310.524554211 1668373990.524554211 command confstop for FPS DMch2disp-01
20221113T211310.525117598 1668373990.525117598 command confstop for FPS streamDelay-01
20221113T211310.525682822 1668373990.525682822 command confstop for FPS simmvmgpu-1
20221113T211310.526223834 1668373990.526223834 command confstop for FPS mlat-1
20221113T211310.526806035 1668373990.526806035 command confstop for FPS acquWFS-1
20221113T211310.527409438 1668373990.527409438 command confstop for FPS acqlin_zRM-1
20221113T211310.527940208 1668373990.527940208 command confstop for FPS acqlin_loRM-1
20221113T211310.528500611 1668373990.528500611 command confstop for FPS compfCM-1
20221113T211310.529024761 1668373990.529024761 command confstop for FPS compsCM-1
20221113T211310.529635998 1668373990.529635998 command confstop for FPS modesextractWFSGPU-1
20221113T211310.530174531 1668373990.530174531 command confstop for FPS loopRUN-1
20221113T211310.530747532 1668373990.530747532 command confstop for FPS wfs2cmodeval-1
20221113T211310.531271278 1668373990.531271278 command confstop for FPS mfilt-1
20221113T211310.531795545 1668373990.531795545 command confstop for FPS mvalC2dm-1
20221113T211310.532258757 1668373990.532258757 SENDING CMD confstart TO ALL CONF PROCESSES
20221113T211310.532769624 1668373990.532769624 command confstart for FPS DMch2disp-01
20221113T211310.533264043 1668373990.533264043 # Function Parameter Structure (FPS) setup configuration
20221113T211310.533695482 1668373990.533695482 # Written by cacao-fpslistadd - edits will be overwritten and lost when re-running /usr/local/milk/bin/cacao-setup
20221113T211310.534172064 1668373990.534172064 # These are the default initial values for FPS entries
20221113T211310.534595656 1668373990.534595656 # This file is read by milk-fpsCTRL upon launching FPS conf process
20221113T211310.535046115 1668373990.535046115 # 
20221113T211310.535460472 1668373990.535460472 setval DMch2disp-01.procinfo.loopcntMax -1
20221113T211310.535872579 1668373990.535872579 setval DMch2disp-01.procinfo.triggermode 4
20221113T211310.536326646 1668373990.536326646 setval DMch2disp-01.procinfo.triggerdelay 0.00001
20221113T211310.536741451 1668373990.536741451 setval DMch2disp-01.procinfo.triggertimeout 0.00001
20221113T211310.537152777 1668373990.537152777 setval DMch2disp-01.DMindex 01
20221113T211310.537582405 1668373990.537582405 setval DMch2disp-01.DMxsize 12
20221113T211310.537988352 1668373990.537988352 setval DMch2disp-01.DMysize 12
20221113T211310.538433423 1668373990.538433423 setval DMch2disp-01.DMcombout dm01disp
20221113T211310.538843653 1668373990.538843653 setval DMch2disp-01.astrogrid aol1_DMastrogrid
20221113T211310.539254429 1668373990.539254429 setval DMch2disp-01.zpoffset.DMcomboutzpo aol1_dmzpo
20221113T211310.539772963 1668373990.539772963 command confstart for FPS streamDelay-01
20221113T211310.540212718 1668373990.540212718 # Function Parameter Structure (FPS) setup configuration
20221113T211310.540686375 1668373990.540686375 # Written by cacao-fpslistadd - edits will be overwritten and lost when re-running /usr/local/milk/bin/cacao-setup
20221113T211310.541098280 1668373990.541098280 # These are the default initial values for FPS entries
20221113T211310.541527081 1668373990.541527081 # This file is read by milk-fpsCTRL upon launching FPS conf process
20221113T211310.541972429 1668373990.541972429 # 
20221113T211310.542382820 1668373990.542382820 setval streamDelay-01.procinfo.loopcntMax -1
20221113T211310.542837424 1668373990.542837424 setval streamDelay-01.procinfo.triggermode 4
20221113T211310.543257748 1668373990.543257748 setval streamDelay-01.procinfo.triggerdelay 0.0001
20221113T211310.543673988 1668373990.543673988 setval streamDelay-01.in_name aol1_dmdisp
20221113T211310.544123664 1668373990.544123664 setval streamDelay-01.out_name aol1_dmdispD
20221113T211310.544529145 1668373990.544529145 setval streamDelay-01.delaysec 0.01
20221113T211310.545067743 1668373990.545067743 command confstart for FPS simmvmgpu-1
20221113T211310.545517076 1668373990.545517076 # Function Parameter Structure (FPS) setup configuration
20221113T211310.545939754 1668373990.545939754 # Written by cacao-fpslistadd - edits will be overwritten and lost when re-running /usr/local/milk/bin/cacao-setup
20221113T211310.546389907 1668373990.546389907 # These are the default initial values for FPS entries
20221113T211310.546800864 1668373990.546800864 # This file is read by milk-fpsCTRL upon launching FPS conf process
20221113T211310.547244061 1668373990.547244061 # 
20221113T211310.547668103 1668373990.547668103 setval simmvmgpu-1.insname aol1_dmdispD
20221113T211310.548082400 1668373990.548082400 setval simmvmgpu-1.immodes aolsimLHSrespM
20221113T211310.548561668 1668373990.548561668 setval simmvmgpu-1.outcoeff aol1_linsimWFS
20221113T211310.548983858 1668373990.548983858 setval simmvmgpu-1.outinit ON
20221113T211310.549436496 1668373990.549436496 setval simmvmgpu-1.procinfo.loopcntMax -1
20221113T211310.549879459 1668373990.549879459 setval simmvmgpu-1.procinfo.triggermode 4
20221113T211310.550306073 1668373990.550306073 setval simmvmgpu-1.procinfo.triggerdelay 0.001
20221113T211310.550781543 1668373990.550781543 setval simmvmgpu-1.procinfo.triggertimeout 0.0
20221113T211310.551220794 1668373990.551220794 setval simmvmgpu-1.option.axmode 1
20221113T211310.551711811 1668373990.551711811 setval simmvmgpu-1.option.PROCESS OFF
20221113T211310.552142355 1668373990.552142355 setval simmvmgpu-1.option.TRACEMODE OFF
20221113T211310.552588895 1668373990.552588895 setval simmvmgpu-1.option.MODENORM OFF
20221113T211310.553034784 1668373990.553034784 setval simmvmgpu-1.option.sname_intot NULL
20221113T211310.553504736 1668373990.553504736 setval simmvmgpu-1.option.sname_refin NULL
20221113T211310.553950203 1668373990.553950203 setval simmvmgpu-1.option.sname_refout aolsimLHSwfsref
20221113T211310.554491522 1668373990.554491522 command confstart for FPS mlat-1
20221113T211310.554997046 1668373990.554997046 # Function Parameter Structure (FPS) setup configuration
20221113T211310.555482851 1668373990.555482851 # Written by cacao-fpslistadd - edits will be overwritten and lost when re-running /usr/local/milk/bin/cacao-setup
20221113T211310.555940261 1668373990.555940261 # These are the default initial values for FPS entries
20221113T211310.556395370 1668373990.556395370 # This file is read by milk-fpsCTRL upon launching FPS conf process
20221113T211310.556842703 1668373990.556842703 # 
20221113T211310.557275982 1668373990.557275982 setval mlat-1.NBiter 20
20221113T211310.557728342 1668373990.557728342 setval mlat-1.dmstream aol1_dmRM
20221113T211310.558163088 1668373990.558163088 setval mlat-1.wfsstream aol1_wfsim
20221113T211310.558712777 1668373990.558712777 command confstart for FPS acquWFS-1
20221113T211310.559169275 1668373990.559169275 # Function Parameter Structure (FPS) setup configuration
20221113T211310.559653121 1668373990.559653121 # Written by cacao-fpslistadd - edits will be overwritten and lost when re-running /usr/local/milk/bin/cacao-setup
20221113T211310.560108993 1668373990.560108993 # These are the default initial values for FPS entries
20221113T211310.560554258 1668373990.560554258 # This file is read by milk-fpsCTRL upon launching FPS conf process
20221113T211310.560986086 1668373990.560986086 # 
20221113T211310.561443643 1668373990.561443643 setval acquWFS-1.AOloopindex 1
20221113T211310.561942167 1668373990.561942167 setval acquWFS-1.procinfo.loopcntMax -1
20221113T211310.562397385 1668373990.562397385 setval acquWFS-1.procinfo.triggermode 3
20221113T211310.562846429 1668373990.562846429 setval acquWFS-1.procinfo.triggersname aol1_wfsim 
20221113T211310.563297398 1668373990.563297398 setval acquWFS-1.comp.WFSnormalize ON
20221113T211310.563756518 1668373990.563756518 setval acquWFS-1.comp.darksub ON
20221113T211310.564197858 1668373990.564197858 setval acquWFS-1.comp.imtotal ON
20221113T211310.564645932 1668373990.564645932 setval acquWFS-1.comp.normwfsim ON
20221113T211310.565088402 1668373990.565088402 setval acquWFS-1.wfszpo aol1_wfszpo
20221113T211310.565645344 1668373990.565645344 command confstart for FPS acqlin_zRM-1
20221113T211310.566159149 1668373990.566159149 # Function Parameter Structure (FPS) setup configuration
20221113T211310.566608442 1668373990.566608442 # Written by cacao-fpslistadd - edits will be overwritten and lost when re-running /usr/local/milk/bin/cacao-setup
20221113T211310.567061413 1668373990.567061413 # These are the default initial values for FPS entries
20221113T211310.567534777 1668373990.567534777 # This file is read by milk-fpsCTRL upon launching FPS conf process
20221113T211310.567989877 1668373990.567989877 # 
20221113T211310.568443806 1668373990.568443806 setval acqlin_zRM-1.AOloopindex 1
20221113T211310.568880183 1668373990.568880183 setval acqlin_zRM-1.FPS_mlat mlat-1
20221113T211310.569314497 1668373990.569314497 setval acqlin_zRM-1.FPS_DMcomb DMch2disp-01
20221113T211310.569772675 1668373990.569772675 setval acqlin_zRM-1.normalize ON
20221113T211310.570214593 1668373990.570214593 setval acqlin_zRM-1.Hpoke ON
20221113T211310.570639876 1668373990.570639876 setval acqlin_zRM-1.autoTiming ON
20221113T211310.571068243 1668373990.571068243 setval acqlin_zRM-1.compDMmask ON
20221113T211310.571493035 1668373990.571493035 setval acqlin_zRM-1.compMpoke ON
20221113T211310.571928973 1668373990.571928973 setval acqlin_zRM-1.timing.NBave 1
20221113T211310.572347404 1668373990.572347404 setval acqlin_zRM-1.timing.NBcycle 2
20221113T211310.572798272 1668373990.572798272 setval acqlin_zRM-1.timing.NBinnerCycle 1
20221113T211310.573249649 1668373990.573249649 setval acqlin_zRM-1.timing.NBexcl 0
20221113T211310.573699248 1668373990.573699248 setval acqlin_zRM-1.MaskMode ON
20221113T211310.574156381 1668373990.574156381 setval acqlin_zRM-1.exec.RMdecode cacaobin/cacao-RMdecode
20221113T211310.574646635 1668373990.574646635 setval acqlin_zRM-1.exec.mkDMWFSmasks cacaobin/cacao-mkDMWFSmasks
20221113T211310.575101623 1668373990.575101623 setval acqlin_zRM-1.exec.mkDMslaveact cacaobin/cacao-mkDMslaveActprox
20221113T211310.575573782 1668373990.575573782 setval acqlin_zRM-1.exec.mkLODMmodes cacaobin/cacao-mkLODMmodes
20221113T211310.576120780 1668373990.576120780 command confstart for FPS acqlin_loRM-1
20221113T211310.576598762 1668373990.576598762 # Function Parameter Structure (FPS) setup configuration
20221113T211310.577044603 1668373990.577044603 # Written by cacao-fpslistadd - edits will be overwritten and lost when re-running /usr/local/milk/bin/cacao-setup
20221113T211310.577522948 1668373990.577522948 # These are the default initial values for FPS entries
20221113T211310.577981806 1668373990.577981806 # This file is read by milk-fpsCTRL upon launching FPS conf process
20221113T211310.578441480 1668373990.578441480 # 
20221113T211310.578894539 1668373990.578894539 setval acqlin_loRM-1.AOloopindex 1
20221113T211310.579356683 1668373990.579356683 setval acqlin_loRM-1.FPS_mlat mlat-1
20221113T211310.579808758 1668373990.579808758 setval acqlin_loRM-1.FPS_DMcomb DMch2disp-01
20221113T211310.580247191 1668373990.580247191 setval acqlin_loRM-1.normalize ON
20221113T211310.580704828 1668373990.580704828 setval acqlin_loRM-1.Hpoke OFF
20221113T211310.581149589 1668373990.581149589 setval acqlin_loRM-1.autoTiming ON
20221113T211310.581612143 1668373990.581612143 setval acqlin_loRM-1.compDMmask OFF
20221113T211310.582115013 1668373990.582115013 setval acqlin_loRM-1.compMpoke OFF
20221113T211310.582603761 1668373990.582603761 setval acqlin_loRM-1.timing.NBave 1
20221113T211310.583123391 1668373990.583123391 setval acqlin_loRM-1.timing.NBcycle 4
20221113T211310.583586831 1668373990.583586831 setval acqlin_loRM-1.timing.NBinnerCycle 1
20221113T211310.584042788 1668373990.584042788 setval acqlin_loRM-1.timing.NBexcl 0
20221113T211310.584506810 1668373990.584506810 setval acqlin_loRM-1.fn_pokeC respM_LOmodes.fits
20221113T211310.584963524 1668373990.584963524 setval acqlin_loRM-1.MaskMode OFF
20221113T211310.585440540 1668373990.585440540 setval acqlin_loRM-1.exec.RMdecode cacaobin/cacao-NULL
20221113T211310.585896372 1668373990.585896372 setval acqlin_loRM-1.exec.mkDMWFSmasks cacaobin/cacao-NULL
20221113T211310.586355362 1668373990.586355362 setval acqlin_loRM-1.exec.mkDMslaveact cacaobin/cacao-NULL
20221113T211310.586793788 1668373990.586793788 setval acqlin_loRM-1.exec.mkLODMmodes cacaobin/cacao-NULL
20221113T211310.587335220 1668373990.587335220 command confstart for FPS compfCM-1
20221113T211310.587811838 1668373990.587811838 # Function Parameter Structure (FPS) setup configuration
20221113T211310.588363704 1668373990.588363704 # Written by cacao-fpslistadd - edits will be overwritten and lost when re-running /usr/local/milk/bin/cacao-setup
20221113T211310.588827282 1668373990.588827282 # These are the default initial values for FPS entries
20221113T211310.589272107 1668373990.589272107 # This file is read by milk-fpsCTRL upon launching FPS conf process
20221113T211310.589762084 1668373990.589762084 # 
20221113T211310.590236174 1668373990.590236174 setval compfCM-1.AOloopindex 1
20221113T211310.590704216 1668373990.590704216 setval compfCM-1.FPS_zRMacqu acqlin_zRM-1
20221113T211310.591194979 1668373990.591194979 setval compfCM-1.FPS_loRMacqu acqlin_loRM-1
20221113T211310.591763440 1668373990.591763440 setval compfCM-1.FPS_DMcomb DMch2disp-01
20221113T211310.592353668 1668373990.592353668 command confstart for FPS compsCM-1
20221113T211310.592896482 1668373990.592896482 # Function Parameter Structure (FPS) setup configuration
20221113T211310.593454997 1668373990.593454997 # Written by cacao-fpslistadd - edits will be overwritten and lost when re-running /usr/local/milk/bin/cacao-setup
20221113T211310.593938678 1668373990.593938678 # These are the default initial values for FPS entries
20221113T211310.594423817 1668373990.594423817 # This file is read by milk-fpsCTRL upon launching FPS conf process
20221113T211310.594931072 1668373990.594931072 # 
20221113T211310.595426018 1668373990.595426018 setval compsCM-1.AOloopindex 1
20221113T211310.595894557 1668373990.595894557 setval compsCM-1.fname_respM fps.acqlin_zRM-1.datadir/zrespM_mn.fits
20221113T211310.596510521 1668373990.596510521 command confstart for FPS modesextractWFSGPU-1
20221113T211310.596989736 1668373990.596989736 # Function Parameter Structure (FPS) setup configuration
20221113T211310.597537363 1668373990.597537363 # Written by cacao-fpslistadd - edits will be overwritten and lost when re-running /usr/local/milk/bin/cacao-setup
20221113T211310.598072788 1668373990.598072788 # These are the default initial values for FPS entries
20221113T211310.598554937 1668373990.598554937 # This file is read by milk-fpsCTRL upon launching FPS conf process
20221113T211310.599007270 1668373990.599007270 # 
20221113T211310.599533507 1668373990.599533507 setval modesextractWFSGPU-1.AOloopindex 1
20221113T211310.599987278 1668373990.599987278 setval modesextractWFSGPU-1.sname_in aol1_imWFS0
20221113T211310.600473275 1668373990.600473275 setval modesextractWFSGPU-1.option.sname_intot aol1_imWFS0tot
20221113T211310.600917632 1668373990.600917632 setval modesextractWFSGPU-1.sname_modes aol1_modesWFS
20221113T211310.601396203 1668373990.601396203 setval modesextractWFSGPU-1.option.sname_refin aol1_wfsref
20221113T211310.601870491 1668373990.601870491 setval modesextractWFSGPU-1.sname_outmodesval aol1_modeval
20221113T211310.602324384 1668373990.602324384 setval modesextractWFSGPU-1.outinit ON
20221113T211310.602775274 1668373990.602775274 setval modesextractWFSGPU-1.option.GPUindex 0
20221113T211310.603204969 1668373990.603204969 setval modesextractWFSGPU-1.option.PROCESS ON
20221113T211310.603687996 1668373990.603687996 setval modesextractWFSGPU-1.option.TRACEMODE ON
20221113T211310.604158025 1668373990.604158025 setval modesextractWFSGPU-1.option.MODENORM ON
20221113T211310.604621686 1668373990.604621686 setval modesextractWFSGPU-1.option.insem 2
20221113T211310.605093866 1668373990.605093866 setval modesextractWFSGPU-1.option.axmode 0
20221113T211310.605563724 1668373990.605563724 setval modesextractWFSGPU-1.option.twait 0
20221113T211310.606177127 1668373990.606177127 command confstart for FPS loopRUN-1
20221113T211310.606657892 1668373990.606657892 # Function Parameter Structure (FPS) setup configuration
20221113T211310.607100512 1668373990.607100512 # Written by cacao-fpslistadd - edits will be overwritten and lost when re-running /usr/local/milk/bin/cacao-setup
20221113T211310.607537320 1668373990.607537320 # These are the default initial values for FPS entries
20221113T211310.607999479 1668373990.607999479 # This file is read by milk-fpsCTRL upon launching FPS conf process
20221113T211310.608508825 1668373990.608508825 # 
20221113T211310.608947267 1668373990.608947267 setval loopRUN-1.AOloopindex 1
20221113T211310.609447012 1668373990.609447012 setval loopRUN-1.sn_wfs aol1_imWFS1
20221113T211310.609892731 1668373990.609892731 setval loopRUN-1.loopgain 0.02
20221113T211310.610326099 1668373990.610326099 setval loopRUN-1.loopmult 0.99
20221113T211310.610793616 1668373990.610793616 setval loopRUN-1.loopON OFF
20221113T211310.611208033 1668373990.611208033 setval loopRUN-1.loopZERO OFF
20221113T211310.611638360 1668373990.611638360 setval loopRUN-1.wfsrefON OFF
20221113T211310.612069520 1668373990.612069520 setval loopRUN-1.sn_cmat aol1_CMat
20221113T211310.612595784 1668373990.612595784 setval loopRUN-1.sn_DMout aol1_dmC
20221113T211310.613128338 1668373990.613128338 command confstart for FPS wfs2cmodeval-1
20221113T211310.613572660 1668373990.613572660 # Function Parameter Structure (FPS) setup configuration
20221113T211310.614017962 1668373990.614017962 # Written by cacao-fpslistadd - edits will be overwritten and lost when re-running /usr/local/milk/bin/cacao-setup
20221113T211310.614463606 1668373990.614463606 # These are the default initial values for FPS entries
20221113T211310.614946709 1668373990.614946709 # This file is read by milk-fpsCTRL upon launching FPS conf process
20221113T211310.615373841 1668373990.615373841 # 
20221113T211310.615837139 1668373990.615837139 setval wfs2cmodeval-1.procinfo.loopcntMax -1
20221113T211310.616376574 1668373990.616376574 setval wfs2cmodeval-1.procinfo.triggermode 3
20221113T211310.616819922 1668373990.616819922 setval wfs2cmodeval-1.procinfo.triggersname aol1_imWFS1
20221113T211310.617238663 1668373990.617238663 setval wfs2cmodeval-1.insname aol1_imWFS1
20221113T211310.617749892 1668373990.617749892 setval wfs2cmodeval-1.immodes aol1_modesWFS
20221113T211310.618169669 1668373990.618169669 setval wfs2cmodeval-1.outcoeff aol1_modevalWFS
20221113T211310.618592689 1668373990.618592689 setval wfs2cmodeval-1.option.sname_intot aol1_imWFS0tot
20221113T211310.619001656 1668373990.619001656 setval wfs2cmodeval-1.option.sname_refin aol1_wfsref
20221113T211310.619415702 1668373990.619415702 setval wfs2cmodeval-1.outinit ON
20221113T211310.619833881 1668373990.619833881 setval wfs2cmodeval-1.GPUindex 0
20221113T211310.620239172 1668373990.620239172 setval wfs2cmodeval-1.option.PROCESS ON
20221113T211310.620674657 1668373990.620674657 setval wfs2cmodeval-1.option.TRACEMODE OFF
20221113T211310.621127733 1668373990.621127733 setval wfs2cmodeval-1.option.MODENORM ON
20221113T211310.621581772 1668373990.621581772 setval wfs2cmodeval-1.option.twait 0
20221113T211310.622132873 1668373990.622132873 command confstart for FPS mfilt-1
20221113T211310.622587174 1668373990.622587174 # Function Parameter Structure (FPS) setup configuration
20221113T211310.623021837 1668373990.623021837 # Written by cacao-fpslistadd - edits will be overwritten and lost when re-running /usr/local/milk/bin/cacao-setup
20221113T211310.623458975 1668373990.623458975 # These are the default initial values for FPS entries
20221113T211310.623919314 1668373990.623919314 # This file is read by milk-fpsCTRL upon launching FPS conf process
20221113T211310.624375664 1668373990.624375664 # 
20221113T211310.624829354 1668373990.624829354 setval mfilt-1.procinfo.loopcntMax -1
20221113T211310.625286607 1668373990.625286607 setval mfilt-1.procinfo.triggermode 3
20221113T211310.625729402 1668373990.625729402 setval mfilt-1.procinfo.triggersname aol1_modevalWFS
20221113T211310.626154848 1668373990.626154848 setval mfilt-1.inmval aol1_modevalWFS
20221113T211310.626596864 1668373990.626596864 setval mfilt-1.outmval aol1_modevalDM
20221113T211310.627234877 1668373990.627234877 command confstart for FPS mvalC2dm-1
20221113T211310.627738225 1668373990.627738225 # Function Parameter Structure (FPS) setup configuration
20221113T211310.628197003 1668373990.628197003 # Written by cacao-fpslistadd - edits will be overwritten and lost when re-running /usr/local/milk/bin/cacao-setup
20221113T211310.628643162 1668373990.628643162 # These are the default initial values for FPS entries
20221113T211310.629087433 1668373990.629087433 # This file is read by milk-fpsCTRL upon launching FPS conf process
20221113T211310.629586252 1668373990.629586252 # 
20221113T211310.630058465 1668373990.630058465 setval mvalC2dm-1.procinfo.loopcntMax -1
20221113T211310.630524011 1668373990.630524011 setval mvalC2dm-1.procinfo.triggermode 3
20221113T211310.630991357 1668373990.630991357 setval mvalC2dm-1.procinfo.triggersname aol1_modevalDM
20221113T211310.631500188 1668373990.631500188 setval mvalC2dm-1.insname aol1_modevalDM
20221113T211310.631980201 1668373990.631980201 setval mvalC2dm-1.immodes aol1_DMmodes
20221113T211310.632461359 1668373990.632461359 setval mvalC2dm-1.outcoeff aol1_dmC
20221113T211310.632897018 1668373990.632897018 setval mvalC2dm-1.option.sname_intot NULL
20221113T211310.633386274 1668373990.633386274 setval mvalC2dm-1.option.sname_refin NULL
20221113T211310.633828596 1668373990.633828596 setval mvalC2dm-1.outinit OFF
20221113T211310.634393043 1668373990.634393043 setval mvalC2dm-1.GPUindex 3
20221113T211310.634849206 1668373990.634849206 setval mvalC2dm-1.option.axmode 1
20221113T211310.635302151 1668373990.635302151 setval mvalC2dm-1.option.PROCESS OFF
20221113T211310.635772821 1668373990.635772821 setval mvalC2dm-1.option.TRACEMODE OFF
20221113T211310.636219714 1668373990.636219714 setval mvalC2dm-1.option.MODENORM OFF
20221113T211310.636688857 1668373990.636688857 setval mvalC2dm-1.option.twait 0
20221113T211310.637204356 1668373990.637204356 
20221113T211310.637675031 1668373990.637675031 FIFO: /tmp/milk/dmloop_fpsCTRL.fifo
20221113T211310.642729743 1668373990.642729743 # File generated by /usr/local/milk/bin/cacao-setup
20221113T211310.643243417 1668373990.643243417 # Do not edit
20221113T211310.643747308 1668373990.643747308 
20221113T211310.644203177 1668373990.644203177 # set function parameters
20221113T211310.644735058 1668373990.644735058 # string 1 will be replaced by loop number
20221113T211310.645226267 1668373990.645226267 
20221113T211310.645690096 1668373990.645690096 setval streamDelay-01.delaysec 0.001
20221113T211310.647785382 1668373990.647785382 setval streamDelay-01.option.timeavemode 1
20221113T211310.648755807 1668373990.648755807 setval streamDelay-01.option.timeavedtns 1000
20221113T211310.649285689 1668373990.649285689 
20221113T211310.650126672 1668373990.650126672 setval acquWFS-1.comp.darksub ON
20221113T211310.650647930 1668373990.650647930 setval acquWFS-1.comp.WFSnormalize OFF
20221113T211310.651505452 1668373990.651505452 setval acquWFS-1.comp.imtotal OFF
20221113T211310.652924489 1668373990.652924489 setval acquWFS-1.comp.normwfsim ON
20221113T211310.653381296 1668373990.653381296 
20221113T211310.653836428 1668373990.653836428 setval acqlin_zRM-1.procinfo.RTprio 1
20221113T211310.654299387 1668373990.654299387 setval acqlin_zRM-1.procinfo.loopcntMax 1
20221113T211310.655160864 1668373990.655160864 setval acqlin_zRM-1.procinfo.triggermode 1
20221113T211310.655679146 1668373990.655679146 setval acqlin_zRM-1.procinfo.triggersname NULL
20221113T211310.656140186 1668373990.656140186 setval acqlin_zRM-1.procinfo.semindexrequested 0
20221113T211310.656621577 1668373990.656621577 setval acqlin_zRM-1.procinfo.triggerdelay 0.0
20221113T211310.657238688 1668373990.657238688 setval acqlin_zRM-1.procinfo.triggertimeout 0.0
20221113T211310.657703187 1668373990.657703187 
20221113T211310.658164616 1668373990.658164616 setval acqlin_zRM-1.normalize OFF
20221113T211310.658655043 1668373990.658655043 setval acqlin_zRM-1.timing.NBexcl 2
20221113T211310.659120089 1668373990.659120089 
20221113T211310.659619818 1668373990.659619818 setval acqlin_loRM-1.procinfo.RTprio 1
20221113T211310.660098584 1668373990.660098584 setval acqlin_loRM-1.procinfo.loopcntMax 1
20221113T211310.660588403 1668373990.660588403 setval acqlin_loRM-1.procinfo.triggermode 1
20221113T211310.661578204 1668373990.661578204 setval acqlin_loRM-1.procinfo.triggersname NULL
20221113T211310.662155625 1668373990.662155625 setval acqlin_loRM-1.procinfo.semindexrequested 0
20221113T211310.662693202 1668373990.662693202 setval acqlin_loRM-1.procinfo.triggerdelay 0.0
20221113T211310.663140040 1668373990.663140040 setval acqlin_loRM-1.procinfo.triggertimeout 0.0
20221113T211310.663613687 1668373990.663613687 
20221113T211310.664069227 1668373990.664069227 setval acqlin_loRM-1.normalize OFF
20221113T211310.664738947 1668373990.664738947 setval acqlin_loRM-1.timing.NBexcl 2
/bin/bash: warning: setlocale: LC_ALL: cannot change locale (en_US.UTF-8)

    Linking streams ...
/bin/bash: warning: setlocale: LC_ALL: cannot change locale (en_US.UTF-8)
SHMDIR = /tmp/milk
rm: cannot remove '/tmp/milk/aol1_dmC.im.shm': No such file or directory
    Linking aol1_dmC

[32m   LOADED : /usr/local/milk-1.03.00/lib/libcacaoKalAONuvu.so
[0m[32m   LOADED : /usr/local/milk-1.03.00/lib/libcacaoKalAOBMC.so
[0m[32m   LOADED : /usr/local/milk-1.03.00/lib/libcacaoKalAOSHWFS.so
[0m
[0;96mmilk > [0mreadshmim aol1_dmC
[1;35mWARNING   [0;m
[1;35m Cannot open file "/tmp/milk/aol1_dmC.im.shm"
  [0;m
read shared mem image failed -> ID = -1
[0;96mmilk > [0mreadshmimsize aol1_dmC "./conf/streamlink.dmC.imsize.txt"
Cannot import file - continuing
[0;96mmilk > [0mexitCLI
[0;96mmilk > [0m
/bin/bash: warning: setlocale: LC_ALL: cannot change locale (en_US.UTF-8)
SHMDIR = /tmp/milk
rm: cannot remove '/tmp/milk/aol1_dmO.im.shm': No such file or directory
    Linking aol1_dmO

[32m   LOADED : /usr/local/milk-1.03.00/lib/libcacaoKalAONuvu.so
[0m[32m   LOADED : /usr/local/milk-1.03.00/lib/libcacaoKalAOBMC.so
[0m[32m   LOADED : /usr/local/milk-1.03.00/lib/libcacaoKalAOSHWFS.so
[0m
[0;96mmilk > [0mreadshmim aol1_dmO
[1;35mWARNING   [0;m
[1;35m Cannot open file "/tmp/milk/aol1_dmO.im.shm"
  [0;m
read shared mem image failed -> ID = -1
[0;96mmilk > [0mreadshmimsize aol1_dmO "./conf/streamlink.dmO.imsize.txt"
Cannot import file - continuing
[0;96mmilk > [0mexitCLI
[0;96mmilk > [0m
/bin/bash: warning: setlocale: LC_ALL: cannot change locale (en_US.UTF-8)
SHMDIR = /tmp/milk
rm: cannot remove '/tmp/milk/aol1_dmZP0.im.shm': No such file or directory
    Linking aol1_dmZP0

[32m   LOADED : /usr/local/milk-1.03.00/lib/libcacaoKalAONuvu.so
[0m[32m   LOADED : /usr/local/milk-1.03.00/lib/libcacaoKalAOBMC.so
[0m[32m   LOADED : /usr/local/milk-1.03.00/lib/libcacaoKalAOSHWFS.so
[0m
[0;96mmilk > [0mreadshmim aol1_dmZP0
[1;35mWARNING   [0;m
[1;35m Cannot open file "/tmp/milk/aol1_dmZP0.im.shm"
  [0;m
read shared mem image failed -> ID = -1
[0;96mmilk > [0mreadshmimsize aol1_dmZP0 "./conf/streamlink.dmZP0.imsize.txt"
Cannot import file - continuing
[0;96mmilk > [0mexitCLI
[0;96mmilk > [0m
/bin/bash: warning: setlocale: LC_ALL: cannot change locale (en_US.UTF-8)
SHMDIR = /tmp/milk
rm: cannot remove '/tmp/milk/aol1_dmZP1.im.shm': No such file or directory
    Linking aol1_dmZP1

[32m   LOADED : /usr/local/milk-1.03.00/lib/libcacaoKalAONuvu.so
[0m[32m   LOADED : /usr/local/milk-1.03.00/lib/libcacaoKalAOBMC.so
[0m[32m   LOADED : /usr/local/milk-1.03.00/lib/libcacaoKalAOSHWFS.so
[0m
[0;96mmilk > [0mreadshmim aol1_dmZP1
[1;35mWARNING   [0;m
[1;35m Cannot open file "/tmp/milk/aol1_dmZP1.im.shm"
  [0;m
read shared mem image failed -> ID = -1
[0;96mmilk > [0mreadshmimsize aol1_dmZP1 "./conf/streamlink.dmZP1.imsize.txt"
Cannot import file - continuing
[0;96mmilk > [0mexitCLI
[0;96mmilk > [0m
/bin/bash: warning: setlocale: LC_ALL: cannot change locale (en_US.UTF-8)
SHMDIR = /tmp/milk
rm: cannot remove '/tmp/milk/aol1_dmZP2.im.shm': No such file or directory
    Linking aol1_dmZP2

[32m   LOADED : /usr/local/milk-1.03.00/lib/libcacaoKalAONuvu.so
[0m[32m   LOADED : /usr/local/milk-1.03.00/lib/libcacaoKalAOBMC.so
[0m[32m   LOADED : /usr/local/milk-1.03.00/lib/libcacaoKalAOSHWFS.so
[0m
[0;96mmilk > [0mreadshmim aol1_dmZP2
[1;35mWARNING   [0;m
[1;35m Cannot open file "/tmp/milk/aol1_dmZP2.im.shm"
  [0;m
read shared mem image failed -> ID = -1
[0;96mmilk > [0mreadshmimsize aol1_dmZP2 "./conf/streamlink.dmZP2.imsize.txt"
Cannot import file - continuing
[0;96mmilk > [0mexitCLI
[0;96mmilk > [0m
/bin/bash: warning: setlocale: LC_ALL: cannot change locale (en_US.UTF-8)
SHMDIR = /tmp/milk
rm: cannot remove '/tmp/milk/aol1_dmZP3.im.shm': No such file or directory
    Linking aol1_dmZP3

[32m   LOADED : /usr/local/milk-1.03.00/lib/libcacaoKalAONuvu.so
[0m[32m   LOADED : /usr/local/milk-1.03.00/lib/libcacaoKalAOBMC.so
[0m[32m   LOADED : /usr/local/milk-1.03.00/lib/libcacaoKalAOSHWFS.so
[0m
[0;96mmilk > [0mreadshmim aol1_dmZP3
[1;35mWARNING   [0;m
[1;35m Cannot open file "/tmp/milk/aol1_dmZP3.im.shm"
  [0;m
read shared mem image failed -> ID = -1
[0;96mmilk > [0mreadshmimsize aol1_dmZP3 "./conf/streamlink.dmZP3.imsize.txt"
Cannot import file - continuing
[0;96mmilk > [0mexitCLI
[0;96mmilk > [0m
/bin/bash: warning: setlocale: LC_ALL: cannot change locale (en_US.UTF-8)
SHMDIR = /tmp/milk
rm: cannot remove '/tmp/milk/aol1_dmZP4.im.shm': No such file or directory
    Linking aol1_dmZP4

[32m   LOADED : /usr/local/milk-1.03.00/lib/libcacaoKalAONuvu.so
[0m[32m   LOADED : /usr/local/milk-1.03.00/lib/libcacaoKalAOBMC.so
[0m[32m   LOADED : /usr/local/milk-1.03.00/lib/libcacaoKalAOSHWFS.so
[0m
[0;96mmilk > [0mreadshmim aol1_dmZP4
[1;35mWARNING   [0;m
[1;35m Cannot open file "/tmp/milk/aol1_dmZP4.im.shm"
  [0;m
read shared mem image failed -> ID = -1
[0;96mmilk > [0mreadshmimsize aol1_dmZP4 "./conf/streamlink.dmZP4.imsize.txt"
Cannot import file - continuing
[0;96mmilk > [0mexitCLI
[0;96mmilk > [0m
/bin/bash: warning: setlocale: LC_ALL: cannot change locale (en_US.UTF-8)
SHMDIR = /tmp/milk
rm: cannot remove '/tmp/milk/aol1_dmZP5.im.shm': No such file or directory
    Linking aol1_dmZP5

[32m   LOADED : /usr/local/milk-1.03.00/lib/libcacaoKalAONuvu.so
[0m[32m   LOADED : /usr/local/milk-1.03.00/lib/libcacaoKalAOBMC.so
[0m[32m   LOADED : /usr/local/milk-1.03.00/lib/libcacaoKalAOSHWFS.so
[0m
[0;96mmilk > [0mreadshmim aol1_dmZP5
[1;35mWARNING   [0;m
[1;35m Cannot open file "/tmp/milk/aol1_dmZP5.im.shm"
  [0;m
read shared mem image failed -> ID = -1
[0;96mmilk > [0mreadshmimsize aol1_dmZP5 "./conf/streamlink.dmZP5.imsize.txt"
Cannot import file - continuing
[0;96mmilk > [0mexitCLI
[0;96mmilk > [0m
/bin/bash: warning: setlocale: LC_ALL: cannot change locale (en_US.UTF-8)
SHMDIR = /tmp/milk
rm: cannot remove '/tmp/milk/aol1_dmZP6.im.shm': No such file or directory
    Linking aol1_dmZP6

[32m   LOADED : /usr/local/milk-1.03.00/lib/libcacaoKalAONuvu.so
[0m[32m   LOADED : /usr/local/milk-1.03.00/lib/libcacaoKalAOBMC.so
[0m[32m   LOADED : /usr/local/milk-1.03.00/lib/libcacaoKalAOSHWFS.so
[0m
[0;96mmilk > [0mreadshmim aol1_dmZP6
[1;35mWARNING   [0;m
[1;35m Cannot open file "/tmp/milk/aol1_dmZP6.im.shm"
  [0;m
read shared mem image failed -> ID = -1
[0;96mmilk > [0mreadshmimsize aol1_dmZP6 "./conf/streamlink.dmZP6.imsize.txt"
Cannot import file - continuing
[0;96mmilk > [0mexitCLI
[0;96mmilk > [0m
/bin/bash: warning: setlocale: LC_ALL: cannot change locale (en_US.UTF-8)
SHMDIR = /tmp/milk
rm: cannot remove '/tmp/milk/aol1_dmZP7.im.shm': No such file or directory
    Linking aol1_dmZP7

[32m   LOADED : /usr/local/milk-1.03.00/lib/libcacaoKalAONuvu.so
[0m[32m   LOADED : /usr/local/milk-1.03.00/lib/libcacaoKalAOBMC.so
[0m[32m   LOADED : /usr/local/milk-1.03.00/lib/libcacaoKalAOSHWFS.so
[0m
[0;96mmilk > [0mreadshmim aol1_dmZP7
[1;35mWARNING   [0;m
[1;35m Cannot open file "/tmp/milk/aol1_dmZP7.im.shm"
  [0;m
read shared mem image failed -> ID = -1
[0;96mmilk > [0mreadshmimsize aol1_dmZP7 "./conf/streamlink.dmZP7.imsize.txt"
Cannot import file - continuing
[0;96mmilk > [0mexitCLI
[0;96mmilk > [0m
/bin/bash: warning: setlocale: LC_ALL: cannot change locale (en_US.UTF-8)
SHMDIR = /tmp/milk
rm: cannot remove '/tmp/milk/aol1_dmdisp.im.shm': No such file or directory
    Linking aol1_dmdisp

[32m   LOADED : /usr/local/milk-1.03.00/lib/libcacaoKalAONuvu.so
[0m[32m   LOADED : /usr/local/milk-1.03.00/lib/libcacaoKalAOBMC.so
[0m[32m   LOADED : /usr/local/milk-1.03.00/lib/libcacaoKalAOSHWFS.so
[0m
[0;96mmilk > [0mreadshmim aol1_dmdisp
[1;35mWARNING   [0;m
[1;35m Cannot open file "/tmp/milk/aol1_dmdisp.im.shm"
  [0;m
read shared mem image failed -> ID = -1
[0;96mmilk > [0mreadshmimsize aol1_dmdisp "./conf/streamlink.dmdisp.imsize.txt""
Cannot import file - continuing
[0;96mmilk > [0mexitCLI
[0;96mmilk > [0m
/bin/bash: warning: setlocale: LC_ALL: cannot change locale (en_US.UTF-8)
SHMDIR = /tmp/milk
rm: cannot remove '/tmp/milk/aol1_dmRM.im.shm': No such file or directory
    Linking aol1_dmRM

[32m   LOADED : /usr/local/milk-1.03.00/lib/libcacaoKalAONuvu.so
[0m[32m   LOADED : /usr/local/milk-1.03.00/lib/libcacaoKalAOBMC.so
[0m[32m   LOADED : /usr/local/milk-1.03.00/lib/libcacaoKalAOSHWFS.so
[0m
[0;96mmilk > [0mreadshmim aol1_dmRM
[1;35mWARNING   [0;m
[1;35m Cannot open file "/tmp/milk/aol1_dmRM.im.shm"
  [0;m
read shared mem image failed -> ID = -1
[0;96mmilk > [0mreadshmimsize aol1_dmRM "./conf/streamlink.dmRM.imsize.txt"
Cannot import file - continuing
[0;96mmilk > [0mexitCLI
[0;96mmilk > [0m
    Removing pre-existing pokes ...
rm: cannot remove './conf/RMpokeCubeZ.fits.gz': No such file or directory
rm: cannot remove './conf/RMpokeCube.fits.gz': No such file or directory
rm: cannot remove 'respM_LOmodes.fits': No such file or directory
/bin/bash: warning: setlocale: LC_ALL: cannot change locale (en_US.UTF-8)
SHMDIR = /tmp/milk
rm: cannot remove '/tmp/milk/aol1_wfsim.im.shm': No such file or directory
    Linking aol1_wfsim

[32m   LOADED : /usr/local/milk-1.03.00/lib/libcacaoKalAONuvu.so
[0m[32m   LOADED : /usr/local/milk-1.03.00/lib/libcacaoKalAOBMC.so
[0m[32m   LOADED : /usr/local/milk-1.03.00/lib/libcacaoKalAOSHWFS.so
[0m
[0;96mmilk > [0mreadshmim aol1_wfsim
[1;35mWARNING   [0;m
[1;35m Cannot open file "/tmp/milk/aol1_wfsim.im.shm"
  [0;m
read shared mem image failed -> ID = -1
[0;96mmilk > [0mreadshmimsize aol1_wfsim "./conf/streamlink.wfsim.imsize.txt"
Cannot import file - continuing
[0;96mmilk > [0mexitCLI
[0;96mmilk > [0m
20221113T211310.898951627 1668373990.898951627 END cacao-setup
